build	Set up job	﻿2026-07-14T22:00:04.4144530Z Current runner version: '2.335.1'
build	Set up job	2026-07-14T22:00:04.4148380Z Runner name: 'conformance-test'
build	Set up job	2026-07-14T22:00:04.4148750Z Runner group name: 'Default'
build	Set up job	2026-07-14T22:00:04.4149210Z Machine name: 'Nuraydias-Mac-Studio'
build	Set up job	2026-07-14T22:00:04.4150860Z ##[group]GITHUB_TOKEN Permissions
build	Set up job	2026-07-14T22:00:04.4151710Z Contents: read
build	Set up job	2026-07-14T22:00:04.4151970Z Metadata: read
build	Set up job	2026-07-14T22:00:04.4152230Z Packages: read
build	Set up job	2026-07-14T22:00:04.4152500Z ##[endgroup]
build	Set up job	2026-07-14T22:00:04.4153330Z Secret source: Actions
build	Set up job	2026-07-14T22:00:04.4153650Z Prepare workflow directory
build	Set up job	2026-07-14T22:00:04.4406490Z Prepare all required actions
build	Set up job	2026-07-14T22:00:04.4450660Z Complete job name: build
build	marker	﻿2026-07-14T22:00:04.4968330Z ##[group]Run echo "SCENARIO=07-case-Prod"
build	marker	2026-07-14T22:00:04.4968760Z ^[[36;1mecho "SCENARIO=07-case-Prod"^[[0m
build	marker	2026-07-14T22:00:04.4969060Z ^[[36;1msleep 5^[[0m
build	marker	2026-07-14T22:00:04.4969320Z ^[[36;1mecho "DONE=07a"^[[0m
build	marker	2026-07-14T22:00:04.5016140Z shell: /bin/bash -e {0}
build	marker	2026-07-14T22:00:04.5016550Z ##[endgroup]
build	marker	2026-07-14T22:00:04.5326410Z SCENARIO=07-case-Prod
build	marker	2026-07-14T22:00:09.5362390Z DONE=07a
build	Complete job	﻿2026-07-14T22:00:09.5479090Z Cleaning up orphan processes