long	Set up job	﻿2026-07-14T21:57:01.2922500Z Current runner version: '2.335.1'
long	Set up job	2026-07-14T21:57:01.2926670Z Runner name: 'conformance-test'
long	Set up job	2026-07-14T21:57:01.2927050Z Runner group name: 'Default'
long	Set up job	2026-07-14T21:57:01.2927570Z Machine name: 'Nuraydias-Mac-Studio'
long	Set up job	2026-07-14T21:57:01.2929220Z ##[group]GITHUB_TOKEN Permissions
long	Set up job	2026-07-14T21:57:01.2930270Z Contents: read
long	Set up job	2026-07-14T21:57:01.2930550Z Metadata: read
long	Set up job	2026-07-14T21:57:01.2930810Z Packages: read
long	Set up job	2026-07-14T21:57:01.2931070Z ##[endgroup]
long	Set up job	2026-07-14T21:57:01.2932020Z Secret source: Actions
long	Set up job	2026-07-14T21:57:01.2932370Z Prepare workflow directory
long	Set up job	2026-07-14T21:57:01.3224680Z Prepare all required actions
long	Set up job	2026-07-14T21:57:01.3268640Z Complete job name: long
long	sleep-long	﻿2026-07-14T21:57:01.3713120Z ##[group]Run echo "SCENARIO=02-cancel-in-progress"
long	sleep-long	2026-07-14T21:57:01.3713570Z ^[[36;1mecho "SCENARIO=02-cancel-in-progress"^[[0m
long	sleep-long	2026-07-14T21:57:01.3713940Z ^[[36;1mecho "START=$(date -u +%Y-%m-%dT%H:%M:%SZ)"^[[0m
long	sleep-long	2026-07-14T21:57:01.3714260Z ^[[36;1msleep 30^[[0m
long	sleep-long	2026-07-14T21:57:01.3714530Z ^[[36;1mecho "SHOULD_NOT_REACH"^[[0m
long	sleep-long	2026-07-14T21:57:01.3767650Z shell: /bin/bash -e {0}
long	sleep-long	2026-07-14T21:57:01.3768180Z ##[endgroup]
long	sleep-long	2026-07-14T21:57:01.4021430Z SCENARIO=02-cancel-in-progress
long	sleep-long	2026-07-14T21:57:01.4024180Z START=2026-07-14T21:57:01Z
long	sleep-long	2026-07-14T21:57:31.4149620Z SHOULD_NOT_REACH
long	Complete job	﻿2026-07-14T21:57:31.4236730Z Cleaning up orphan processes