long	Set up job	﻿2026-07-14T21:58:06.3219620Z Current runner version: '2.335.1'
long	Set up job	2026-07-14T21:58:06.3223580Z Runner name: 'conformance-test'
long	Set up job	2026-07-14T21:58:06.3223970Z Runner group name: 'Default'
long	Set up job	2026-07-14T21:58:06.3224460Z Machine name: 'Nuraydias-Mac-Studio'
long	Set up job	2026-07-14T21:58:06.3226120Z ##[group]GITHUB_TOKEN Permissions
long	Set up job	2026-07-14T21:58:06.3227060Z Contents: read
long	Set up job	2026-07-14T21:58:06.3227330Z Metadata: read
long	Set up job	2026-07-14T21:58:06.3227580Z Packages: read
long	Set up job	2026-07-14T21:58:06.3227840Z ##[endgroup]
long	Set up job	2026-07-14T21:58:06.3228760Z Secret source: Actions
long	Set up job	2026-07-14T21:58:06.3229110Z Prepare workflow directory
long	Set up job	2026-07-14T21:58:06.3526930Z Prepare all required actions
long	Set up job	2026-07-14T21:58:06.3608270Z Complete job name: long
long	sleep-long	﻿2026-07-14T21:58:06.3992120Z ##[group]Run echo "SCENARIO=04-cancel-expr-true"
long	sleep-long	2026-07-14T21:58:06.3992590Z ^[[36;1mecho "SCENARIO=04-cancel-expr-true"^[[0m
long	sleep-long	2026-07-14T21:58:06.3992910Z ^[[36;1msleep 30^[[0m
long	sleep-long	2026-07-14T21:58:06.3993180Z ^[[36;1mecho "SHOULD_NOT_REACH"^[[0m
long	sleep-long	2026-07-14T21:58:06.4040450Z shell: /bin/bash -e {0}
long	sleep-long	2026-07-14T21:58:06.4040830Z ##[endgroup]
long	sleep-long	2026-07-14T21:58:06.4308050Z SCENARIO=04-cancel-expr-true
long	sleep-long	2026-07-14T21:58:20.4134710Z ##[error]The operation was canceled.
long	Complete job	﻿2026-07-14T21:58:20.4191000Z Cleaning up orphan processes