long	Set up job	﻿2026-07-14T21:58:24.3200710Z Current runner version: '2.335.1'
long	Set up job	2026-07-14T21:58:24.3204690Z Runner name: 'conformance-test'
long	Set up job	2026-07-14T21:58:24.3205050Z Runner group name: 'Default'
long	Set up job	2026-07-14T21:58:24.3205540Z Machine name: 'Nuraydias-Mac-Studio'
long	Set up job	2026-07-14T21:58:24.3207250Z ##[group]GITHUB_TOKEN Permissions
long	Set up job	2026-07-14T21:58:24.3208260Z Contents: read
long	Set up job	2026-07-14T21:58:24.3208530Z Metadata: read
long	Set up job	2026-07-14T21:58:24.3208790Z Packages: read
long	Set up job	2026-07-14T21:58:24.3209040Z ##[endgroup]
long	Set up job	2026-07-14T21:58:24.3209970Z Secret source: Actions
long	Set up job	2026-07-14T21:58:24.3210290Z Prepare workflow directory
long	Set up job	2026-07-14T21:58:24.3514070Z Prepare all required actions
long	Set up job	2026-07-14T21:58:24.3575200Z Complete job name: long
long	sleep-long	﻿2026-07-14T21:58:24.4210470Z ##[group]Run echo "SCENARIO=04-cancel-expr-true"
long	sleep-long	2026-07-14T21:58:24.4210920Z ^[[36;1mecho "SCENARIO=04-cancel-expr-true"^[[0m
long	sleep-long	2026-07-14T21:58:24.4211240Z ^[[36;1msleep 30^[[0m
long	sleep-long	2026-07-14T21:58:24.4211510Z ^[[36;1mecho "SHOULD_NOT_REACH"^[[0m
long	sleep-long	2026-07-14T21:58:24.4270480Z shell: /bin/bash -e {0}
long	sleep-long	2026-07-14T21:58:24.4270860Z ##[endgroup]
long	sleep-long	2026-07-14T21:58:24.4574340Z SCENARIO=04-cancel-expr-true
long	sleep-long	2026-07-14T21:58:54.4688760Z SHOULD_NOT_REACH
long	Complete job	﻿2026-07-14T21:58:54.4841840Z Cleaning up orphan processes