long	Set up job	﻿2026-07-14T21:59:14.6842670Z Current runner version: '2.335.1'
long	Set up job	2026-07-14T21:59:14.6846830Z Runner name: 'conformance-test'
long	Set up job	2026-07-14T21:59:14.6847230Z Runner group name: 'Default'
long	Set up job	2026-07-14T21:59:14.6847800Z Machine name: 'Nuraydias-Mac-Studio'
long	Set up job	2026-07-14T21:59:14.6849550Z ##[group]GITHUB_TOKEN Permissions
long	Set up job	2026-07-14T21:59:14.6850530Z Contents: read
long	Set up job	2026-07-14T21:59:14.6850790Z Metadata: read
long	Set up job	2026-07-14T21:59:14.6851050Z Packages: read
long	Set up job	2026-07-14T21:59:14.6851300Z ##[endgroup]
long	Set up job	2026-07-14T21:59:14.6852410Z Secret source: Actions
long	Set up job	2026-07-14T21:59:14.6852740Z Prepare workflow directory
long	Set up job	2026-07-14T21:59:14.7164190Z Prepare all required actions
long	Set up job	2026-07-14T21:59:14.7212120Z Complete job name: long
long	sleep-a-bit	﻿2026-07-14T21:59:14.7672730Z ##[group]Run echo "SCENARIO=05-cancel-expr-false"
long	sleep-a-bit	2026-07-14T21:59:14.7673290Z ^[[36;1mecho "SCENARIO=05-cancel-expr-false"^[[0m
long	sleep-a-bit	2026-07-14T21:59:14.7673680Z ^[[36;1msleep 5^[[0m
long	sleep-a-bit	2026-07-14T21:59:14.7673950Z ^[[36;1mecho "DONE=05"^[[0m
long	sleep-a-bit	2026-07-14T21:59:14.7723460Z shell: /bin/bash -e {0}
long	sleep-a-bit	2026-07-14T21:59:14.7723830Z ##[endgroup]
long	sleep-a-bit	2026-07-14T21:59:14.7994310Z SCENARIO=05-cancel-expr-false
long	sleep-a-bit	2026-07-14T21:59:19.8100680Z DONE=05
long	Complete job	﻿2026-07-14T21:59:19.8219930Z Cleaning up orphan processes