long	Set up job	﻿2026-07-14T21:59:05.9043380Z Current runner version: '2.335.1'
long	Set up job	2026-07-14T21:59:05.9047700Z Runner name: 'conformance-test'
long	Set up job	2026-07-14T21:59:05.9048070Z Runner group name: 'Default'
long	Set up job	2026-07-14T21:59:05.9048580Z Machine name: 'Nuraydias-Mac-Studio'
long	Set up job	2026-07-14T21:59:05.9050380Z ##[group]GITHUB_TOKEN Permissions
long	Set up job	2026-07-14T21:59:05.9051480Z Contents: read
long	Set up job	2026-07-14T21:59:05.9051750Z Metadata: read
long	Set up job	2026-07-14T21:59:05.9052030Z Packages: read
long	Set up job	2026-07-14T21:59:05.9052300Z ##[endgroup]
long	Set up job	2026-07-14T21:59:05.9053220Z Secret source: Actions
long	Set up job	2026-07-14T21:59:05.9053610Z Prepare workflow directory
long	Set up job	2026-07-14T21:59:05.9382350Z Prepare all required actions
long	Set up job	2026-07-14T21:59:05.9427630Z Complete job name: long
long	sleep-a-bit	﻿2026-07-14T21:59:05.9867300Z ##[group]Run echo "SCENARIO=05-cancel-expr-false"
long	sleep-a-bit	2026-07-14T21:59:05.9867910Z ^[[36;1mecho "SCENARIO=05-cancel-expr-false"^[[0m
long	sleep-a-bit	2026-07-14T21:59:05.9868250Z ^[[36;1msleep 5^[[0m
long	sleep-a-bit	2026-07-14T21:59:05.9868510Z ^[[36;1mecho "DONE=05"^[[0m
long	sleep-a-bit	2026-07-14T21:59:05.9914410Z shell: /bin/bash -e {0}
long	sleep-a-bit	2026-07-14T21:59:05.9914800Z ##[endgroup]
long	sleep-a-bit	2026-07-14T21:59:06.0183840Z SCENARIO=05-cancel-expr-false
long	sleep-a-bit	2026-07-14T21:59:11.0296720Z DONE=05
long	Complete job	﻿2026-07-14T21:59:11.0394160Z Cleaning up orphan processes